<?xml version="1.0" encoding="UTF-8" ?>
<testsuite errors="0" failures="0" hostname="Sensey-ПК" name="ua.voytovych.tests.TrackingServiceTests" skipped="1" tests="5" time="0.474" timestamp="2016-06-11T11:00:43">
  <properties>
[...]
</properties>
  <testcase classname="ua.voytovych.tests.TrackingServiceTests" name="badTest" time="0.296" />
  <testcase classname="ua.voytovych.tests.TrackingServiceTests" name="whenRemovingProteinTotalRemainsZero" time="0.001" />
  <testcase classname="ua.voytovych.tests.TrackingServiceTests" name="newTrackingServiceTotalIsZero" time="0.0">
    <skipped />
  </testcase>
  <testcase classname="ua.voytovych.tests.TrackingServiceTests" name="whenAddingProteinTotalIncreasesByThatAmount" time="0.014" />
  <testcase classname="ua.voytovych.tests.TrackingServiceTests" name="whenGoalIsSetToLessThenZeroExceptionIsThrown" time="0.008" />
  <system-out><![CDATA[Before Class
Before
After
Before
After
Before
After
Before
After
After Class
]]></system-out>
  <system-err><![CDATA[]]></system-err>
</testsuite>
